<?xml version="1.0" encoding="UTF-8"?>
<!-- Generated by org.testng.reporters.JUnitXMLReporter -->
<testsuite ignored="0" hostname="DESKTOP-VV6PP33" failures="0" tests="3" name="Test" time="44.342" errors="0" timestamp="2024-08-01T18:33:47 IST">
  <testcase classname="testClasses.FindAPatientRecordTestClass" name="testFindPatientAndVerifyGender" time="5.546"/>
  <testcase classname="testClasses.FindAPatientRecordTestClass" name="testFindPatientAndVerifyAge" time="4.895"/>
  <testcase classname="testClasses.FindAPatientRecordTestClass" name="verifySearchFunctionality" time="5.001"/>
</testsuite> <!-- Test -->
