<?xml version="1.0" encoding="UTF-8"?>
<testng-results ignored="0" total="1" passed="1" failed="0" skipped="0">
  <reporter-output>
  </reporter-output>
  <suite started-at="2024-07-31T23:22:05 IST" name="Default suite" finished-at="2024-07-31T23:22:29 IST" duration-ms="23200">
    <groups>
    </groups>
    <test started-at="2024-07-31T23:22:05 IST" name="Default test" finished-at="2024-07-31T23:22:29 IST" duration-ms="23200">
      <class name="testClasses.MyaccountPageTestClass">
        <test-method is-config="true" signature="beforeMethod()[pri:0, instance:testClasses.MyaccountPageTestClass@7b2bbc3]" started-at="2024-07-31T23:22:05 IST" name="beforeMethod" finished-at="2024-07-31T23:22:18 IST" duration-ms="12745" status="PASS">
          <reporter-output>
          </reporter-output>
        </test-method> <!-- beforeMethod -->
        <test-method signature="clickLanguage()[pri:0, instance:testClasses.MyaccountPageTestClass@7b2bbc3]" started-at="2024-07-31T23:22:18 IST" name="clickLanguage" finished-at="2024-07-31T23:22:28 IST" duration-ms="9688" status="PASS">
          <reporter-output>
          </reporter-output>
        </test-method> <!-- clickLanguage -->
        <test-method is-config="true" signature="afterMethod(org.testng.ITestResult)[pri:0, instance:testClasses.MyaccountPageTestClass@7b2bbc3]" started-at="2024-07-31T23:22:28 IST" name="afterMethod" finished-at="2024-07-31T23:22:29 IST" duration-ms="718" status="PASS">
          <params>
            <param index="0">
              <value>
                <![CDATA[[TestResult name=clickLanguage status=SUCCESS method=MyaccountPageTestClass.clickLanguage()[pri:0, instance:testClasses.MyaccountPageTestClass@7b2bbc3] output={null}]]]>
              </value>
            </param>
          </params>
          <reporter-output>
          </reporter-output>
        </test-method> <!-- afterMethod -->
      </class> <!-- testClasses.MyaccountPageTestClass -->
    </test> <!-- Default test -->
  </suite> <!-- Default suite -->
</testng-results>
